<?xml version="1.0" encoding="UTF-8"?>
<testng-results skipped="0" failed="0" ignored="0" total="1" passed="1">
  <reporter-output>
  </reporter-output>
  <suite name="Jenkins" duration-ms="24573" started-at="2017-08-02T13:35:13Z" finished-at="2017-08-02T13:35:37Z">
    <groups>
    </groups>
    <test name="Test" duration-ms="24573" started-at="2017-08-02T13:35:13Z" finished-at="2017-08-02T13:35:37Z">
      <class name="adactinTests.BookingTestNG">
        <test-method status="PASS" signature="beforeClass()[pri:0, instance:adactinTests.BookingTestNG@28864e92]" name="beforeClass" is-config="true" duration-ms="6858" started-at="2017-08-02T16:35:13Z" finished-at="2017-08-02T16:35:20Z">
          <reporter-output>
          </reporter-output>
        </test-method> <!-- beforeClass -->
        <test-method status="PASS" signature="Booking()[pri:0, instance:adactinTests.BookingTestNG@28864e92]" name="Booking" duration-ms="13441" started-at="2017-08-02T16:35:20Z" finished-at="2017-08-02T16:35:33Z">
          <reporter-output>
          </reporter-output>
        </test-method> <!-- Booking -->
        <test-method status="PASS" signature="afterClass()[pri:0, instance:adactinTests.BookingTestNG@28864e92]" name="afterClass" is-config="true" duration-ms="4259" started-at="2017-08-02T16:35:33Z" finished-at="2017-08-02T16:35:37Z">
          <reporter-output>
          </reporter-output>
        </test-method> <!-- afterClass -->
      </class> <!-- adactinTests.BookingTestNG -->
    </test> <!-- Test -->
  </suite> <!-- Jenkins -->
</testng-results>
